<?xml version="1.0" encoding="UTF-8"?>
<testng-results ignored="0" total="1" passed="1" failed="0" skipped="0">
  <reporter-output>
  </reporter-output>
  <suite started-at="2024-04-29T16:55:56 IST" name="Default suite" finished-at="2024-04-29T16:56:10 IST" duration-ms="13740">
    <groups>
    </groups>
    <test started-at="2024-04-29T16:55:56 IST" name="Default test" finished-at="2024-04-29T16:56:10 IST" duration-ms="13740">
      <class name="kureshtestingwork.Appium.ScrollDemo">
        <test-method is-config="true" signature="ConfigureAppium()[pri:0, instance:kureshtestingwork.Appium.ScrollDemo@6be968ce]" started-at="2024-04-29T16:55:56 IST" name="ConfigureAppium" finished-at="2024-04-29T16:56:07 IST" duration-ms="10612" status="PASS">
          <reporter-output>
          </reporter-output>
        </test-method> <!-- ConfigureAppium -->
        <test-method signature="ScrollDemoTest()[pri:0, instance:kureshtestingwork.Appium.ScrollDemo@6be968ce]" started-at="2024-04-29T16:56:07 IST" name="ScrollDemoTest" finished-at="2024-04-29T16:56:09 IST" duration-ms="2521" status="PASS">
          <reporter-output>
          </reporter-output>
        </test-method> <!-- ScrollDemoTest -->
        <test-method is-config="true" signature="teardown()[pri:0, instance:kureshtestingwork.Appium.ScrollDemo@6be968ce]" started-at="2024-04-29T16:56:09 IST" name="teardown" finished-at="2024-04-29T16:56:10 IST" duration-ms="556" status="PASS">
          <reporter-output>
          </reporter-output>
        </test-method> <!-- teardown -->
      </class> <!-- kureshtestingwork.Appium.ScrollDemo -->
    </test> <!-- Default test -->
  </suite> <!-- Default suite -->
</testng-results>
